<?xml version="1.0" encoding="UTF-8"?>
<!-- Generated by org.testng.reporters.JUnitXMLReporter -->
<testsuite ignored="0" hostname="DESKTOP-UK5D04V" failures="0" tests="3" name="Default test" time="21.687" errors="0" timestamp="2024-04-11T16:57:02 IST">
  <testcase classname="testScripts.LoginUsingExcel" name="login" time="1.4"/>
  <testcase classname="testScripts.LoginUsingExcel" name="login" time="1.428"/>
  <testcase classname="testScripts.LoginUsingExcel" name="login" time="1.23"/>
</testsuite> <!-- Default test -->
