<?xml version="1.0" encoding="UTF-8"?>
<testng-results ignored="0" total="3" passed="3" failed="0" skipped="0">
  <reporter-output>
  </reporter-output>
  <suite started-at="2024-04-11T16:56:40 IST" name="Default suite" finished-at="2024-04-11T16:57:02 IST" duration-ms="21687">
    <groups>
    </groups>
    <test started-at="2024-04-11T16:56:40 IST" name="Default test" finished-at="2024-04-11T16:57:02 IST" duration-ms="21687">
      <class name="testScripts.LoginUsingExcel">
        <test-method is-config="true" signature="setup()[pri:0, instance:testScripts.LoginUsingExcel@235ecd9f]" started-at="2024-04-11T16:56:41 IST" name="setup" finished-at="2024-04-11T16:56:47 IST" duration-ms="5879" status="PASS">
          <reporter-output>
          </reporter-output>
        </test-method> <!-- setup -->
        <test-method signature="login(java.lang.String,java.lang.String)[pri:0, instance:testScripts.LoginUsingExcel@235ecd9f]" started-at="2024-04-11T16:56:47 IST" name="login" data-provider="loginData" finished-at="2024-04-11T16:56:49 IST" duration-ms="1400" status="PASS">
          <params>
            <param index="0">
              <value>
                <![CDATA[tomsmith]]>
              </value>
            </param>
            <param index="1">
              <value>
                <![CDATA[SuperSecretPassword!]]>
              </value>
            </param>
          </params>
          <reporter-output>
          </reporter-output>
        </test-method> <!-- login -->
        <test-method is-config="true" signature="setup()[pri:0, instance:testScripts.LoginUsingExcel@235ecd9f]" started-at="2024-04-11T16:56:49 IST" name="setup" finished-at="2024-04-11T16:56:54 IST" duration-ms="5054" status="PASS">
          <reporter-output>
          </reporter-output>
        </test-method> <!-- setup -->
        <test-method signature="login(java.lang.String,java.lang.String)[pri:0, instance:testScripts.LoginUsingExcel@235ecd9f]" started-at="2024-04-11T16:56:54 IST" name="login" data-provider="loginData" finished-at="2024-04-11T16:56:55 IST" duration-ms="1428" status="PASS">
          <params>
            <param index="0">
              <value>
                <![CDATA[testuser1]]>
              </value>
            </param>
            <param index="1">
              <value>
                <![CDATA[welcome123]]>
              </value>
            </param>
          </params>
          <reporter-output>
          </reporter-output>
        </test-method> <!-- login -->
        <test-method is-config="true" signature="setup()[pri:0, instance:testScripts.LoginUsingExcel@235ecd9f]" started-at="2024-04-11T16:56:55 IST" name="setup" finished-at="2024-04-11T16:57:00 IST" duration-ms="5228" status="PASS">
          <reporter-output>
          </reporter-output>
        </test-method> <!-- setup -->
        <test-method signature="login(java.lang.String,java.lang.String)[pri:0, instance:testScripts.LoginUsingExcel@235ecd9f]" started-at="2024-04-11T16:57:00 IST" name="login" data-provider="loginData" finished-at="2024-04-11T16:57:01 IST" duration-ms="1230" status="PASS">
          <params>
            <param index="0">
              <value>
                <![CDATA[testuser2]]>
              </value>
            </param>
            <param index="1">
              <value>
                <![CDATA[welcome123]]>
              </value>
            </param>
          </params>
          <reporter-output>
          </reporter-output>
        </test-method> <!-- login -->
        <test-method is-config="true" signature="tearDown()[pri:0, instance:testScripts.LoginUsingExcel@235ecd9f]" started-at="2024-04-11T16:57:01 IST" name="tearDown" finished-at="2024-04-11T16:57:02 IST" duration-ms="170" status="PASS">
          <reporter-output>
          </reporter-output>
        </test-method> <!-- tearDown -->
      </class> <!-- testScripts.LoginUsingExcel -->
    </test> <!-- Default test -->
  </suite> <!-- Default suite -->
</testng-results>
